0 info it worked if it ends with ok
1 verbose cli [ '/usr/local/bin/node',
1 verbose cli   '/usr/local/bin/npm',
1 verbose cli   'run',
1 verbose cli   'gulp',
1 verbose cli   'serve' ]
2 info using npm@4.0.2
3 info using node@v7.1.0
4 verbose run-script [ 'pregulp', 'gulp', 'postgulp' ]
5 info lifecycle jonathanyap-site@1.0.0~pregulp: jonathanyap-site@1.0.0
6 silly lifecycle jonathanyap-site@1.0.0~pregulp: no script for pregulp, continuing
7 info lifecycle jonathanyap-site@1.0.0~gulp: jonathanyap-site@1.0.0
8 verbose lifecycle jonathanyap-site@1.0.0~gulp: unsafe-perm in lifecycle true
9 verbose lifecycle jonathanyap-site@1.0.0~gulp: PATH: /usr/local/lib/node_modules/npm/bin/node-gyp-bin:/Users/jonyap/projects/jonathanyap-site/node_modules/.bin:/Users/jonyap/.rvm/bin:/usr/local/bin:/usr/bin:/bin:/usr/sbin:/sbin
10 verbose lifecycle jonathanyap-site@1.0.0~gulp: CWD: /Users/jonyap/projects/jonathanyap-site
11 silly lifecycle jonathanyap-site@1.0.0~gulp: Args: [ '-c', 'gulp "serve"' ]
12 silly lifecycle jonathanyap-site@1.0.0~gulp: Returned: code: 1  signal: null
13 info lifecycle jonathanyap-site@1.0.0~gulp: Failed to exec gulp script
14 verbose stack Error: jonathanyap-site@1.0.0 gulp: `gulp "serve"`
14 verbose stack Exit status 1
14 verbose stack     at EventEmitter.<anonymous> (/usr/local/lib/node_modules/npm/lib/utils/lifecycle.js:279:16)
14 verbose stack     at emitTwo (events.js:106:13)
14 verbose stack     at EventEmitter.emit (events.js:191:7)
14 verbose stack     at ChildProcess.<anonymous> (/usr/local/lib/node_modules/npm/lib/utils/spawn.js:40:14)
14 verbose stack     at emitTwo (events.js:106:13)
14 verbose stack     at ChildProcess.emit (events.js:191:7)
14 verbose stack     at maybeClose (internal/child_process.js:885:16)
14 verbose stack     at Process.ChildProcess._handle.onexit (internal/child_process.js:226:5)
15 verbose pkgid jonathanyap-site@1.0.0
16 verbose cwd /Users/jonyap/projects/jonathanyap-site
17 error Darwin 16.1.0
18 error argv "/usr/local/bin/node" "/usr/local/bin/npm" "run" "gulp" "serve"
19 error node v7.1.0
20 error npm  v4.0.2
21 error code ELIFECYCLE
22 error jonathanyap-site@1.0.0 gulp: `gulp "serve"`
22 error Exit status 1
23 error Failed at the jonathanyap-site@1.0.0 gulp script 'gulp "serve"'.
23 error Make sure you have the latest version of node.js and npm installed.
23 error If you do, this is most likely a problem with the jonathanyap-site package,
23 error not with npm itself.
23 error Tell the author that this fails on your system:
23 error     gulp "serve"
23 error You can get information on how to open an issue for this project with:
23 error     npm bugs jonathanyap-site
23 error Or if that isn't available, you can get their info via:
23 error     npm owner ls jonathanyap-site
23 error There is likely additional logging output above.
24 verbose exit [ 1, true ]
